<?xml version="1.0" encoding="UTF-8"?>
<testng-results ignored="0" total="1" passed="1" failed="0" skipped="0">
  <reporter-output>
  </reporter-output>
  <suite started-at="2023-08-06T15:01:14Z" name="Default suite" finished-at="2023-08-06T15:01:14Z" duration-ms="55">
    <groups>
    </groups>
    <test started-at="2023-08-06T15:01:14Z" name="Default test" finished-at="2023-08-06T15:01:14Z" duration-ms="55">
      <class name="PracticeTestngg">
        <test-method signature="add()[pri:0, instance:PracticeTestngg@5be49b60]" started-at="2023-08-06T15:01:14Z" name="add" finished-at="2023-08-06T15:01:14Z" duration-ms="15" status="PASS">
          <reporter-output>
          </reporter-output>
        </test-method> <!-- add -->
      </class> <!-- PracticeTestngg -->
    </test> <!-- Default test -->
  </suite> <!-- Default suite -->
</testng-results>
